{"level":"info","ts":1731493066.0171285,"msg":"Request received","method":"GET","url":"/api/destinations"}
{"level":"info","ts":1731493066.0187685,"msg":"Handler: Received request","method":"GET","path":"/api/destinations"}
{"level":"info","ts":1731493066.0244145,"msg":"Repository: executed query","query":"SELECT d.id, d.location, d.image_url, d.description as destination, \n                     e.name as event, e.schedule, e.price, \n                     COALESCE(AVG(r.rating), 0) as average_rating\n              FROM destinations d\n              JOIN events e ON d.id = e.destination_id\n              LEFT JOIN reviews r ON e.id = r.destination_id\n              WHERE 1=1 GROUP BY d.id, d.location, d.image_url, d.description, e.name, e.schedule, e.price ORDER BY d.id ASC LIMIT $1 OFFSET $2","params":[6,0]}
{"level":"info","ts":1731493066.0295346,"msg":"Request processed","method":"GET","url":"/api/destinations","duration":0.012406}
{"level":"info","ts":1731493130.2445593,"msg":"Request received","method":"GET","url":"/api/destinations"}
{"level":"info","ts":1731493130.24507,"msg":"Handler: Received request","method":"GET","path":"/api/destinations"}
{"level":"info","ts":1731493130.2499032,"msg":"Repository: executed query","query":"SELECT d.id, d.location, d.image_url, d.description as destination, \n                     e.name as event, e.schedule, e.price, \n                     COALESCE(AVG(r.rating), 0) as average_rating\n              FROM destinations d\n              JOIN events e ON d.id = e.destination_id\n              LEFT JOIN reviews r ON e.id = r.destination_id\n              WHERE 1=1 GROUP BY d.id, d.location, d.image_url, d.description, e.name, e.schedule, e.price ORDER BY d.id ASC LIMIT $1 OFFSET $2","params":[6,0]}
{"level":"info","ts":1731493130.2534673,"msg":"Request processed","method":"GET","url":"/api/destinations","duration":0.0089079}
{"level":"info","ts":1731493182.2401142,"msg":"Request received","method":"GET","url":"/api/destinations"}
{"level":"info","ts":1731493182.2407625,"msg":"Handler: Received request","method":"GET","path":"/api/destinations"}
{"level":"info","ts":1731493182.243166,"msg":"Repository: executed query","query":"SELECT d.id, d.location, d.image_url, d.description as destination, \n                     e.name as event, e.schedule, e.price, \n                     COALESCE(AVG(r.rating), 0) as average_rating\n              FROM destinations d\n              JOIN events e ON d.id = e.destination_id\n              LEFT JOIN reviews r ON e.id = r.destination_id\n              WHERE 1=1 GROUP BY d.id, d.location, d.image_url, d.description, e.name, e.schedule, e.price ORDER BY d.id ASC LIMIT $1 OFFSET $2","params":[6,0]}
{"level":"info","ts":1731493182.2530184,"msg":"Request processed","method":"GET","url":"/api/destinations","duration":0.0129042}
{"level":"info","ts":1731493231.2118514,"msg":"Request received","method":"GET","url":"/api/destinations"}
{"level":"info","ts":1731493231.2123659,"msg":"Handler: Received request","method":"GET","path":"/api/destinations"}
{"level":"info","ts":1731493231.2152286,"msg":"Repository: executed query","query":"SELECT d.id, d.location, d.image_url, d.description as destination, \n                     e.name as event, e.schedule, e.price, \n                     COALESCE(AVG(r.rating), 0) as average_rating\n              FROM destinations d\n              JOIN events e ON d.id = e.destination_id\n              LEFT JOIN reviews r ON e.id = r.destination_id\n              WHERE 1=1 GROUP BY d.id, d.location, d.image_url, d.description, e.name, e.schedule, e.price ORDER BY d.id ASC LIMIT $1 OFFSET $2","params":[6,0]}
{"level":"info","ts":1731493231.2186582,"msg":"Request processed","method":"GET","url":"/api/destinations","duration":0.0068069}
{"level":"info","ts":1731493256.1062405,"msg":"Request received","method":"GET","url":"/api/destinations?page=2"}
{"level":"info","ts":1731493256.1067524,"msg":"Handler: Received request","method":"GET","path":"/api/destinations"}
{"level":"info","ts":1731493256.1089678,"msg":"Repository: executed query","query":"SELECT d.id, d.location, d.image_url, d.description as destination, \n                     e.name as event, e.schedule, e.price, \n                     COALESCE(AVG(r.rating), 0) as average_rating\n              FROM destinations d\n              JOIN events e ON d.id = e.destination_id\n              LEFT JOIN reviews r ON e.id = r.destination_id\n              WHERE 1=1 GROUP BY d.id, d.location, d.image_url, d.description, e.name, e.schedule, e.price ORDER BY d.id ASC LIMIT $1 OFFSET $2","params":[6,6]}
{"level":"info","ts":1731493256.111086,"msg":"Request processed","method":"GET","url":"/api/destinations?page=2","duration":0.0048451}
{"level":"info","ts":1731493277.3695266,"msg":"Request received","method":"GET","url":"/api/destinations?date=2024-10-20&page=2"}
{"level":"info","ts":1731493277.370413,"msg":"Handler: Received request","method":"GET","path":"/api/destinations"}
{"level":"info","ts":1731493277.3720207,"msg":"Repository: executed query","query":"SELECT d.id, d.location, d.image_url, d.description as destination, \n                     e.name as event, e.schedule, e.price, \n                     COALESCE(AVG(r.rating), 0) as average_rating\n              FROM destinations d\n              JOIN events e ON d.id = e.destination_id\n              LEFT JOIN reviews r ON e.id = r.destination_id\n              WHERE 1=1 AND e.schedule = $1 GROUP BY d.id, d.location, d.image_url, d.description, e.name, e.schedule, e.price ORDER BY d.id ASC LIMIT $2 OFFSET $3","params":["2024-10-20",6,6]}
{"level":"warn","ts":1731493277.3759012,"msg":"Handler: No destinations found","eventName":"","location":""}
{"level":"info","ts":1731493277.3763437,"msg":"Request processed","method":"GET","url":"/api/destinations?date=2024-10-20&page=2","duration":0.0068172}
{"level":"info","ts":1731493371.0697725,"msg":"Request received","method":"GET","url":"/api/destinations?date=2024-10-20&page=2"}
{"level":"info","ts":1731493371.07088,"msg":"Handler: Received request","method":"GET","path":"/api/destinations"}
{"level":"info","ts":1731493371.0854278,"msg":"Repository: executed query","query":"SELECT d.id, d.location, d.image_url, d.description as destination, \n                     e.name as event, e.schedule, e.price, \n                     COALESCE(AVG(r.rating), 0) as average_rating\n              FROM destinations d\n              JOIN events e ON d.id = e.destination_id\n              LEFT JOIN reviews r ON e.id = r.destination_id\n              WHERE 1=1 AND e.schedule = $1 GROUP BY d.id, d.location, d.image_url, d.description, e.name, e.schedule, e.price ORDER BY d.id ASC LIMIT $2 OFFSET $3","params":["2024-10-20",6,6]}
{"level":"warn","ts":1731493371.090698,"msg":"Handler: No destinations found","date":"2024-10-20","eventName":"","location":""}
{"level":"info","ts":1731493371.0916402,"msg":"Request processed","method":"GET","url":"/api/destinations?date=2024-10-20&page=2","duration":0.0218679}
{"level":"info","ts":1731493389.8369665,"msg":"Request received","method":"GET","url":"/api/destinations?date=2024-10-20"}
{"level":"info","ts":1731493389.837525,"msg":"Handler: Received request","method":"GET","path":"/api/destinations"}
{"level":"info","ts":1731493389.8399732,"msg":"Repository: executed query","query":"SELECT d.id, d.location, d.image_url, d.description as destination, \n                     e.name as event, e.schedule, e.price, \n                     COALESCE(AVG(r.rating), 0) as average_rating\n              FROM destinations d\n              JOIN events e ON d.id = e.destination_id\n              LEFT JOIN reviews r ON e.id = r.destination_id\n              WHERE 1=1 AND e.schedule = $1 GROUP BY d.id, d.location, d.image_url, d.description, e.name, e.schedule, e.price ORDER BY d.id ASC LIMIT $2 OFFSET $3","params":["2024-10-20",6,0]}
{"level":"warn","ts":1731493389.8450205,"msg":"Handler: No destinations found","date":"2024-10-20","eventName":"","location":""}
{"level":"info","ts":1731493389.845919,"msg":"Request processed","method":"GET","url":"/api/destinations?date=2024-10-20","duration":0.0089526}
{"level":"info","ts":1731493408.4098134,"msg":"Request received","method":"GET","url":"/api/destinations?date=2024/11/20"}
{"level":"info","ts":1731493408.4103973,"msg":"Handler: Received request","method":"GET","path":"/api/destinations"}
{"level":"info","ts":1731493408.4139297,"msg":"Repository: executed query","query":"SELECT d.id, d.location, d.image_url, d.description as destination, \n                     e.name as event, e.schedule, e.price, \n                     COALESCE(AVG(r.rating), 0) as average_rating\n              FROM destinations d\n              JOIN events e ON d.id = e.destination_id\n              LEFT JOIN reviews r ON e.id = r.destination_id\n              WHERE 1=1 AND e.schedule = $1 GROUP BY d.id, d.location, d.image_url, d.description, e.name, e.schedule, e.price ORDER BY d.id ASC LIMIT $2 OFFSET $3","params":["2024/11/20",6,0]}
{"level":"info","ts":1731493408.419449,"msg":"Request processed","method":"GET","url":"/api/destinations?date=2024/11/20","duration":0.0096355}
{"level":"info","ts":1731493451.6608198,"msg":"Request received","method":"GET","url":"/api/destinations?date=2024/11"}
{"level":"info","ts":1731493451.6613967,"msg":"Handler: Received request","method":"GET","path":"/api/destinations"}
{"level":"error","ts":1731493451.67487,"msg":"Repository: failed to execute count query","error":"pq: invalid input syntax for type date: \"2024/11\""}
{"level":"error","ts":1731493451.6761756,"msg":"Handler: Error getting events","error":"pq: invalid input syntax for type date: \"2024/11\""}
{"level":"info","ts":1731493451.6767633,"msg":"Request processed","method":"GET","url":"/api/destinations?date=2024/11","duration":0.0159439}
{"level":"info","ts":1731493484.8100424,"msg":"Request received","method":"GET","url":"/api/destinations"}
{"level":"info","ts":1731493484.8112838,"msg":"Handler: Received request","method":"GET","path":"/api/destinations"}
{"level":"info","ts":1731493484.8149252,"msg":"Repository: executed query","query":"SELECT d.id, d.location, d.image_url, d.description as destination, \n                     e.name as event, e.schedule, e.price, \n                     COALESCE(AVG(r.rating), 0) as average_rating\n              FROM destinations d\n              JOIN events e ON d.id = e.destination_id\n              LEFT JOIN reviews r ON e.id = r.destination_id\n              WHERE 1=1 GROUP BY d.id, d.location, d.image_url, d.description, e.name, e.schedule, e.price ORDER BY d.id ASC LIMIT $1 OFFSET $2","params":[6,0]}
{"level":"info","ts":1731493484.8197162,"msg":"Request processed","method":"GET","url":"/api/destinations","duration":0.0096737}
{"level":"info","ts":1731493489.63296,"msg":"Request received","method":"GET","url":"/api/destinations?low_to_high=price"}
{"level":"info","ts":1731493489.633926,"msg":"Handler: Received request","method":"GET","path":"/api/destinations"}
{"level":"info","ts":1731493489.6355753,"msg":"Repository: executed query","query":"SELECT d.id, d.location, d.image_url, d.description as destination, \n                     e.name as event, e.schedule, e.price, \n                     COALESCE(AVG(r.rating), 0) as average_rating\n              FROM destinations d\n              JOIN events e ON d.id = e.destination_id\n              LEFT JOIN reviews r ON e.id = r.destination_id\n              WHERE 1=1 GROUP BY d.id, d.location, d.image_url, d.description, e.name, e.schedule, e.price ORDER BY e.price ASC LIMIT $1 OFFSET $2","params":[6,0]}
{"level":"info","ts":1731493489.6377795,"msg":"Request processed","method":"GET","url":"/api/destinations?low_to_high=price","duration":0.0048194}
{"level":"info","ts":1731493509.2827032,"msg":"Request received","method":"GET","url":"/api/destinations?low_to_high=location"}
{"level":"info","ts":1731493509.2836528,"msg":"Handler: Received request","method":"GET","path":"/api/destinations"}
{"level":"info","ts":1731493509.287052,"msg":"Repository: executed query","query":"SELECT d.id, d.location, d.image_url, d.description as destination, \n                     e.name as event, e.schedule, e.price, \n                     COALESCE(AVG(r.rating), 0) as average_rating\n              FROM destinations d\n              JOIN events e ON d.id = e.destination_id\n              LEFT JOIN reviews r ON e.id = r.destination_id\n              WHERE 1=1 GROUP BY d.id, d.location, d.image_url, d.description, e.name, e.schedule, e.price ORDER BY d.location ASC LIMIT $1 OFFSET $2","params":[6,0]}
{"level":"info","ts":1731493509.292003,"msg":"Request processed","method":"GET","url":"/api/destinations?low_to_high=location","duration":0.0092996}
